<?xml version="1.0" encoding="UTF-8"?>
<!-- Generated by org.testng.reporters.JUnitXMLReporter -->
<testsuite hostname="Toshiba" ignored="0" name="Default test" tests="61" failures="0" timestamp="15 дек 2018 20:26:38 GMT" time="0.687" errors="0">
  <testcase name="AddToFileTest" time="0.047" classname="by.epam.javatraining.halavin.taskone.test.LibraryMethosTest"/>
  <testcase name="AddToFileTestException" time="0.0" classname="by.epam.javatraining.halavin.taskone.test.LibraryMethosTest"/>
  <testcase name="addShapeToFileCommandTest" time="0.141" classname="by.epam.javatraining.halavin.taskone.test.SystemTest"/>
  <testcase name="isCoorPlaneCommandTest" time="0.0" classname="by.epam.javatraining.halavin.taskone.test.SystemTest"/>
  <testcase name="isFigureCommandTest" time="0.015" classname="by.epam.javatraining.halavin.taskone.test.SystemTest"/>
  <testcase name="spaceCommandTest" time="0.0" classname="by.epam.javatraining.halavin.taskone.test.SystemTest"/>
  <testcase name="spaceRatioCommandTest" time="0.0" classname="by.epam.javatraining.halavin.taskone.test.SystemTest"/>
  <testcase name="squareCommandTest" time="0.016" classname="by.epam.javatraining.halavin.taskone.test.SystemTest"/>
  <testcase name="wrongCommandTest" time="0.0" classname="by.epam.javatraining.halavin.taskone.test.SystemTest"/>
  <testcase name="dotCopyConstructorTest" time="0.0" classname="by.epam.javatraining.halavin.taskone.test.DotTest"/>
  <testcase name="dotEqualsTestFalse" time="0.0" classname="by.epam.javatraining.halavin.taskone.test.DotTest"/>
  <testcase name="dotEqualsTestTrue" time="0.0" classname="by.epam.javatraining.halavin.taskone.test.DotTest"/>
  <testcase name="dotGetXTest" time="0.0" classname="by.epam.javatraining.halavin.taskone.test.DotTest"/>
  <testcase name="dotGetYTest" time="0.0" classname="by.epam.javatraining.halavin.taskone.test.DotTest"/>
  <testcase name="dotGetZTest" time="0.016" classname="by.epam.javatraining.halavin.taskone.test.DotTest"/>
  <testcase name="dotHashCodeTestFalse" time="0.0" classname="by.epam.javatraining.halavin.taskone.test.DotTest"/>
  <testcase name="dotHashCodeTestTrue" time="0.0" classname="by.epam.javatraining.halavin.taskone.test.DotTest"/>
  <testcase name="dotParameterConstructorTest" time="0.0" classname="by.epam.javatraining.halavin.taskone.test.DotTest"/>
  <testcase name="dotSetXTest" time="0.0" classname="by.epam.javatraining.halavin.taskone.test.DotTest"/>
  <testcase name="dotSetYTest" time="0.0" classname="by.epam.javatraining.halavin.taskone.test.DotTest"/>
  <testcase name="dotSetZTest" time="0.0" classname="by.epam.javatraining.halavin.taskone.test.DotTest"/>
  <testcase name="dotToString" time="0.0" classname="by.epam.javatraining.halavin.taskone.test.DotTest"/>
  <testcase name="validatorConeNegTest" time="0.0" classname="by.epam.javatraining.halavin.taskone.test.ValidatorTest"/>
  <testcase name="validatorConeTest" time="0.0" classname="by.epam.javatraining.halavin.taskone.test.ValidatorTest"/>
  <testcase name="validatorDotNegTest" time="0.0" classname="by.epam.javatraining.halavin.taskone.test.ValidatorTest"/>
  <testcase name="validatorDotTest" time="0.0" classname="by.epam.javatraining.halavin.taskone.test.ValidatorTest"/>
  <testcase name="coneCopyConstructorTest" time="0.0" classname="by.epam.javatraining.halavin.taskone.test.ConeTest"/>
  <testcase name="coneEqualsTest" time="0.0" classname="by.epam.javatraining.halavin.taskone.test.ConeTest"/>
  <testcase name="coneGetCentreDot" time="0.0" classname="by.epam.javatraining.halavin.taskone.test.ConeTest"/>
  <testcase name="coneGetCentreDotException" time="0.0" classname="by.epam.javatraining.halavin.taskone.test.ConeTest"/>
  <testcase name="coneGetForming" time="0.015" classname="by.epam.javatraining.halavin.taskone.test.ConeTest"/>
  <testcase name="coneGetFormingWithoutRad" time="0.0" classname="by.epam.javatraining.halavin.taskone.test.ConeTest"/>
  <testcase name="coneGetFormingWithoutTop" time="0.0" classname="by.epam.javatraining.halavin.taskone.test.ConeTest"/>
  <testcase name="coneGetHeightTest" time="0.016" classname="by.epam.javatraining.halavin.taskone.test.ConeTest"/>
  <testcase name="coneGetHeightTestWithoutCentre" time="0.0" classname="by.epam.javatraining.halavin.taskone.test.ConeTest"/>
  <testcase name="coneGetHeightTestWithoutTop" time="0.0" classname="by.epam.javatraining.halavin.taskone.test.ConeTest"/>
  <testcase name="coneGetRadDot" time="0.0" classname="by.epam.javatraining.halavin.taskone.test.ConeTest"/>
  <testcase name="coneGetRadDotException" time="0.0" classname="by.epam.javatraining.halavin.taskone.test.ConeTest"/>
  <testcase name="coneGetRadiusTest" time="0.015" classname="by.epam.javatraining.halavin.taskone.test.ConeTest"/>
  <testcase name="coneGetRadiusTestWhithoutCentre" time="0.0" classname="by.epam.javatraining.halavin.taskone.test.ConeTest"/>
  <testcase name="coneGetRadiusTestWhithoutRad" time="0.0" classname="by.epam.javatraining.halavin.taskone.test.ConeTest"/>
  <testcase name="coneGetTopDot" time="0.0" classname="by.epam.javatraining.halavin.taskone.test.ConeTest"/>
  <testcase name="coneGetTopDotException" time="0.0" classname="by.epam.javatraining.halavin.taskone.test.ConeTest"/>
  <testcase name="coneHashCodeTestFalse" time="0.031" classname="by.epam.javatraining.halavin.taskone.test.ConeTest"/>
  <testcase name="coneHashCodeTestTrue" time="0.0" classname="by.epam.javatraining.halavin.taskone.test.ConeTest"/>
  <testcase name="coneSetCentreDot" time="0.0" classname="by.epam.javatraining.halavin.taskone.test.ConeTest"/>
  <testcase name="coneSetRadDot" time="0.0" classname="by.epam.javatraining.halavin.taskone.test.ConeTest"/>
  <testcase name="coneSetTopDot" time="0.0" classname="by.epam.javatraining.halavin.taskone.test.ConeTest"/>
  <testcase name="coneToStringTest" time="0.0" classname="by.epam.javatraining.halavin.taskone.test.ConeTest"/>
  <testcase name="getSpaceRatio" time="0.0" classname="by.epam.javatraining.halavin.taskone.test.ConeMethodsTest"/>
  <testcase name="getSpaceRatioTestNotCone" time="0.0" classname="by.epam.javatraining.halavin.taskone.test.ConeMethodsTest"/>
  <testcase name="getSpaceRatioTestPlateException" time="0.0" classname="by.epam.javatraining.halavin.taskone.test.ConeMethodsTest"/>
  <testcase name="getSpaceTest" time="0.0" classname="by.epam.javatraining.halavin.taskone.test.ConeMethodsTest"/>
  <testcase name="getSpaceTestException" time="0.0" classname="by.epam.javatraining.halavin.taskone.test.ConeMethodsTest"/>
  <testcase name="getSquareTest" time="0.0" classname="by.epam.javatraining.halavin.taskone.test.ConeMethodsTest"/>
  <testcase name="getSquareTestException" time="0.0" classname="by.epam.javatraining.halavin.taskone.test.ConeMethodsTest"/>
  <testcase name="isConeTestFalse" time="0.0" classname="by.epam.javatraining.halavin.taskone.test.ConeMethodsTest"/>
  <testcase name="isConeTestTrue" time="0.0" classname="by.epam.javatraining.halavin.taskone.test.ConeMethodsTest"/>
  <testcase name="isCoorPlaneException" time="0.0" classname="by.epam.javatraining.halavin.taskone.test.ConeMethodsTest"/>
  <testcase name="isCoorPlaneFalse" time="0.016" classname="by.epam.javatraining.halavin.taskone.test.ConeMethodsTest"/>
  <testcase name="isCoorPlaneTrue" time="0.0" classname="by.epam.javatraining.halavin.taskone.test.ConeMethodsTest"/>
</testsuite> <!-- Default test -->
